<?xml version="1.0" encoding="UTF-8"?>
<!-- Generated by org.testng.reporters.JUnitReportReporter -->
<testsuite skipped="0" hostname="KSR" name="com.guru.Testcases.VerifyGuruLoginValidation" tests="1" failures="0" timestamp="2020-06-30T08:27:07 IST" time="20.567" errors="0">
  <testcase name="GuruLogin" time="20.567" classname="com.guru.Testcases.VerifyGuruLoginValidation"/>
  <system-out/>
</testsuite> <!-- com.guru.Testcases.VerifyGuruLoginValidation -->
